<?xml version="1.0" encoding="UTF-8"?>
<testsuite name="figurastest.CuadradoTest" tests="1" skipped="0" failures="0" errors="0" timestamp="2018-10-10T19:54:44" hostname="manjaro" time="0.001">
  <properties/>
  <testcase name="testArea" classname="figurastest.CuadradoTest" time="0.001"/>
  <system-out><![CDATA[]]></system-out>
  <system-err><![CDATA[]]></system-err>
</testsuite>
